<?xml version="1.0" encoding="utf-8"?><testsuites name="pytest tests"><testsuite name="pytest" errors="0" failures="0" skipped="0" tests="14" time="71.486" timestamp="2026-05-29T15:26:40.146580+00:00" hostname="agent-env-9b26d4e5-a488-4f16-866d-032ed465177a"><testcase classname="tests.test_ai_endpoints" name="test_coach_message" time="17.612" /><testcase classname="tests.test_ai_endpoints" name="test_meal_plan_generate" time="29.212" /><testcase classname="tests.test_ai_endpoints" name="test_weekly_report" time="14.790" /><testcase classname="tests.test_ai_endpoints" name="test_food_analyze" time="7.506" /><testcase classname="tests.test_ai_endpoints" name="test_food_analyze_missing_image" time="0.069" /><testcase classname="tests.test_health_and_targets" name="test_health_check" time="0.099" /><testcase classname="tests.test_health_and_targets" name="test_targets_compute_balanced" time="0.099" /><testcase classname="tests.test_health_and_targets" name="test_targets_compute_aggressive_female" time="0.053" /><testcase classname="tests.test_health_score" name="test_health_score_basic" time="0.101" /><testcase classname="tests.test_health_score" name="test_health_score_empty" time="0.090" /><testcase classname="tests.test_health_score" name="test_health_score_overeating_penalty" time="0.055" /><testcase classname="tests.test_supabase_schema" name="test_schema_tables_present" time="1.360" /><testcase classname="tests.test_supabase_schema" name="test_rls_enabled_on_user_tables" time="0.153" /><testcase classname="tests.test_supabase_schema" name="test_profiles_columns" time="0.185" /></testsuite></testsuites>